[debug] [2019-09-05T11:39:23.007Z] ----------------------------------------------------------------------
[debug] [2019-09-05T11:39:23.009Z] Command:       C:\Program Files\nodejs\node.exe C:\Users\CDR yampi\AppData\Roaming\npm\node_modules\firebase-tools\lib\bin\firebase.js init
[debug] [2019-09-05T11:39:23.009Z] CLI Version:   7.3.1
[debug] [2019-09-05T11:39:23.009Z] Platform:      win32
[debug] [2019-09-05T11:39:23.009Z] Node Version:  v10.16.3
[debug] [2019-09-05T11:39:23.010Z] Time:          Thu Sep 05 2019 13:39:23 GMT+0200 (GMT+02:00)
[debug] [2019-09-05T11:39:23.010Z] ----------------------------------------------------------------------
[debug] 
[debug] [2019-09-05T11:39:23.016Z] > command requires scopes: ["email","openid","https://www.googleapis.com/auth/cloudplatformprojects.readonly","https://www.googleapis.com/auth/firebase","https://www.googleapis.com/auth/cloud-platform"]
[debug] [2019-09-05T11:39:23.016Z] > authorizing via signed-in user
[info] 
     ######## #### ########  ######## ########     ###     ######  ########
     ##        ##  ##     ## ##       ##     ##  ##   ##  ##       ##
     ######    ##  ########  ######   ########  #########  ######  ######
     ##        ##  ##    ##  ##       ##     ## ##     ##       ## ##
     ##       #### ##     ## ######## ########  ##     ##  ######  ########

You're about to initialize a Firebase project in this directory:

  C:\Users\CDR yampi\Dropbox\react-chat

[info] 
=== Project Setup
[info] 
[info] First, let's associate this project directory with a Firebase project.
[info] You can create multiple project aliases by running firebase use --add, 
[info] but for now we'll just set up a default project.
[info] 
[info] i  If you want to create a project in a Google Cloud organization or folder, please use "firebase projects:create" instead, and return to this command when you've created the project.
[debug] [2019-09-05T11:39:43.637Z] > refreshing access token with scopes: ["email","https://www.googleapis.com/auth/cloud-platform","https://www.googleapis.com/auth/cloudplatformprojects.readonly","https://www.googleapis.com/auth/firebase","openid"]
[debug] [2019-09-05T11:39:43.637Z] >>> HTTP REQUEST POST https://www.googleapis.com/oauth2/v3/token  
 <request body omitted>
[debug] [2019-09-05T11:39:43.814Z] <<< HTTP RESPONSE 200
[debug] [2019-09-05T11:39:43.821Z] >>> HTTP REQUEST POST https://cloudresourcemanager.googleapis.com/v1/projects  

[debug] [2019-09-05T11:39:44.682Z] <<< HTTP RESPONSE 400
[debug] [2019-09-05T11:39:44.683Z] <<< HTTP RESPONSE BODY
[debug] [2019-09-05T11:39:44.686Z] HTTP Error: 400, field [project_id] has issue [project_id must be at least 6 characters long]
[debug] [2019-09-05T11:39:44.795Z] FirebaseError: HTTP Error: 400, field [project_id] has issue [project_id must be at least 6 characters long]
    at module.exports (C:\Users\CDR yampi\AppData\Roaming\npm\node_modules\firebase-tools\lib\responseToError.js:38:12)
    at Request._callback (C:\Users\CDR yampi\AppData\Roaming\npm\node_modules\firebase-tools\lib\api.js:39:35)
    at Request.self.callback (C:\Users\CDR yampi\AppData\Roaming\npm\node_modules\firebase-tools\node_modules\request\request.js:185:22)
    at Request.emit (events.js:198:13)
    at Request.EventEmitter.emit (domain.js:448:20)
    at Request.<anonymous> (C:\Users\CDR yampi\AppData\Roaming\npm\node_modules\firebase-tools\node_modules\request\request.js:1161:10)
    at Request.emit (events.js:198:13)
    at Request.EventEmitter.emit (domain.js:448:20)
    at IncomingMessage.<anonymous> (C:\Users\CDR yampi\AppData\Roaming\npm\node_modules\firebase-tools\node_modules\request\request.js:1083:12)
    at Object.onceWrapper (events.js:286:20)
[error] 
[error] Error: Failed to create Google Cloud project. See firebase-debug.log for more info.
